[debug] [2026-06-21T22:41:14.420Z] ----------------------------------------------------------------------
[debug] [2026-06-21T22:41:14.424Z] Command:       C:\Program Files\nodejs\node.exe C:\Users\CompuMisr\AppData\Roaming\npm\node_modules\firebase-tools\lib\bin\firebase.js init hosting
[debug] [2026-06-21T22:41:14.425Z] CLI Version:   15.15.0
[debug] [2026-06-21T22:41:14.425Z] Platform:      win32
[debug] [2026-06-21T22:41:14.425Z] Node Version:  v24.13.0
[debug] [2026-06-21T22:41:14.426Z] Time:          Mon Jun 22 2026 01:41:14 GMT+0300 (Eastern European Summer Time)
[debug] [2026-06-21T22:41:14.427Z] ----------------------------------------------------------------------
[debug] 
[debug] [2026-06-21T22:41:14.433Z] >>> [apiv2][query] GET https://firebase-public.firebaseio.com/cli.json [none]
[info] 
     ######## #### ########  ######## ########     ###     ######  ########
     ##        ##  ##     ## ##       ##     ##  ##   ##  ##       ##
     ######    ##  ########  ######   ########  #########  ######  ######
     ##        ##  ##    ##  ##       ##     ## ##     ##       ## ##
     ##       #### ##     ## ######## ########  ##     ##  ######  ########

You're about to initialize a Firebase project in this directory:

  C:\Users\CompuMisr\Desktop\New folder

[debug] [2026-06-21T22:41:20.861Z] <<< [apiv2][status] GET https://firebase-public.firebaseio.com/cli.json 200
[debug] [2026-06-21T22:41:20.862Z] <<< [apiv2][body] GET https://firebase-public.firebaseio.com/cli.json {"cloudBuildErrorAfter":1594252800000,"cloudBuildWarnAfter":1590019200000,"defaultNode10After":1594252800000,"minVersion":"3.0.5","node8DeploysDisabledAfter":1613390400000,"node8RuntimeDisabledAfter":1615809600000,"node8WarnAfter":1600128000000}
[info] 
=== Project Setup
[info] 
[info] First, let's associate this project directory with a Firebase project.
[info] You can create multiple project aliases by running firebase use --add, 
[info] 
[debug] [2026-06-21T22:42:08.563Z] > command requires scopes: ["email","openid","https://www.googleapis.com/auth/cloudplatformprojects.readonly","https://www.googleapis.com/auth/firebase","https://www.googleapis.com/auth/cloud-platform"]
[debug] [2026-06-21T22:42:08.564Z] > authorizing via signed-in user (saidelhadad860@gmail.com)
[debug] [2026-06-21T22:42:08.566Z] Checked if tokens are valid: false, expires at: 1777132501245
[debug] [2026-06-21T22:42:08.567Z] Checked if tokens are valid: false, expires at: 1777132501245
[debug] [2026-06-21T22:42:08.567Z] > refreshing access token with scopes: []
[debug] [2026-06-21T22:42:08.569Z] >>> [apiv2][query] POST https://www.googleapis.com/oauth2/v3/token [none]
[debug] [2026-06-21T22:42:08.569Z] >>> [apiv2][body] POST https://www.googleapis.com/oauth2/v3/token [omitted]
[debug] [2026-06-21T22:42:08.978Z] <<< [apiv2][status] POST https://www.googleapis.com/oauth2/v3/token 200
[debug] [2026-06-21T22:42:08.979Z] <<< [apiv2][body] POST https://www.googleapis.com/oauth2/v3/token [omitted]
[debug] [2026-06-21T22:42:09.005Z] >>> [apiv2][query] GET https://firebase.googleapis.com/v1beta1/projects pageSize=100
[debug] [2026-06-21T22:42:09.845Z] <<< [apiv2][status] GET https://firebase.googleapis.com/v1beta1/projects 200
[debug] [2026-06-21T22:42:09.845Z] <<< [apiv2][body] GET https://firebase.googleapis.com/v1beta1/projects [omitted]
[info] 
=== Hosting Setup
[debug] [2026-06-21T22:42:47.819Z] Checked if tokens are valid: true, expires at: 1782085327979
[debug] [2026-06-21T22:42:47.819Z] Checked if tokens are valid: true, expires at: 1782085327979
[debug] [2026-06-21T22:42:47.819Z] >>> [apiv2][query] GET https://firebase.googleapis.com/v1beta1/projects/teknoelevators-60269 [none]
[debug] [2026-06-21T22:42:48.458Z] <<< [apiv2][status] GET https://firebase.googleapis.com/v1beta1/projects/teknoelevators-60269 200
[debug] [2026-06-21T22:42:48.458Z] <<< [apiv2][body] GET https://firebase.googleapis.com/v1beta1/projects/teknoelevators-60269 {"projectId":"teknoelevators-60269","projectNumber":"304241011261","displayName":"teknoelevators","name":"projects/teknoelevators-60269","resources":{"hostingSite":"teknoelevators-60269"},"state":"ACTIVE","etag":"1_ca622ffa-18ca-44f6-abc5-edaba153e131"}
[info] 
[info] Your public directory is the folder (relative to your project directory) that
[info] will contain Hosting assets to be uploaded with firebase deploy. If you
[info] have a build process for your assets, use your build's output directory.
[info] 
[info] 
[info] i  Didn't detect a .git folder. Assuming C:\Users\CompuMisr\Desktop\New folder is the project root. 
[info] i  Authorizing with GitHub to upload your service account to a GitHub repository's secrets store. 
[info] 
[info] Visit this URL on this device to log in:
[info] https://github.com/login/oauth/authorize?client_id=89cf50f02ac6aaed3484&state=79680365&redirect_uri=http%3A%2F%2Flocalhost%3A9005&scope=read%3Auser%20repo%20public_repo
[info] 
[info] Waiting for authentication...
[debug] [2026-06-21T22:43:39.541Z] >>> [apiv2][query] POST https://github.com/login/oauth/access_token [none]
[debug] [2026-06-21T22:43:39.541Z] >>> [apiv2][body] POST https://github.com/login/oauth/access_token [stream]
[debug] [2026-06-21T22:43:40.169Z] <<< [apiv2][status] POST https://github.com/login/oauth/access_token 200
[debug] [2026-06-21T22:43:40.169Z] <<< [apiv2][body] POST https://github.com/login/oauth/access_token {"access_token":"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","token_type":"bearer","scope":"read:user,repo"}
[debug] [2026-06-21T22:43:40.179Z] >>> [apiv2][query] GET https://api.github.com/user [none]
[debug] [2026-06-21T22:43:40.747Z] <<< [apiv2][status] GET https://api.github.com/user 200
[debug] [2026-06-21T22:43:40.748Z] <<< [apiv2][body] GET https://api.github.com/user {"login":"said-434","id":294841401,"node_id":"U_kgDOEZLsOQ","avatar_url":"https://avatars.githubusercontent.com/u/294841401?v=4","gravatar_id":"","url":"https://api.github.com/users/said-434","html_url":"https://github.com/said-434","followers_url":"https://api.github.com/users/said-434/followers","following_url":"https://api.github.com/users/said-434/following{/other_user}","gists_url":"https://api.github.com/users/said-434/gists{/gist_id}","starred_url":"https://api.github.com/users/said-434/starred{/owner}{/repo}","subscriptions_url":"https://api.github.com/users/said-434/subscriptions","organizations_url":"https://api.github.com/users/said-434/orgs","repos_url":"https://api.github.com/users/said-434/repos","events_url":"https://api.github.com/users/said-434/events{/privacy}","received_events_url":"https://api.github.com/users/said-434/received_events","type":"User","user_view_type":"private","site_admin":false,"name":null,"company":null,"blog":"","location":null,"email":null,"hireable":null,"bio":null,"twitter_username":null,"notification_email":null,"public_repos":2,"public_gists":0,"followers":0,"following":0,"created_at":"2026-06-18T14:05:02Z","updated_at":"2026-06-18T14:05:10Z","private_gists":0,"total_private_repos":0,"owned_private_repos":0,"disk_usage":1000,"collaborators":0,"two_factor_authentication":false,"plan":{"name":"free","space":976562499,"collaborators":0,"private_repos":10000}}
[info] 
[info] +  Success! Logged into GitHub as said-434 
[info] 
[debug] [2026-06-21T22:44:51.688Z] >>> [apiv2][query] GET https://api.github.com/repos/repository/actions/secrets/public-key type=owner
[debug] [2026-06-21T22:44:52.979Z] <<< [apiv2][status] GET https://api.github.com/repos/repository/actions/secrets/public-key 404
[debug] [2026-06-21T22:44:52.980Z] <<< [apiv2][body] GET https://api.github.com/repos/repository/actions/secrets/public-key {"message":"Not Found","documentation_url":"https://docs.github.com/rest","status":"404"}
[info] 
[info] 
[error] !  The provided authorization cannot be used with this repository. If this repository is in an organization, did you remember to grant access? 
[info] 
[info] i  Action required: Visit this URL to ensure access has been granted to the appropriate organization(s) for the Firebase CLI GitHub OAuth App: 
[info] https://github.com/settings/connections/applications/89cf50f02ac6aaed3484
[info] 
[debug] [2026-06-21T22:45:00.980Z] >>> [apiv2][query] GET https://api.github.com/repos/repository/actions/secrets/public-key type=owner
[debug] [2026-06-21T22:45:01.532Z] <<< [apiv2][status] GET https://api.github.com/repos/repository/actions/secrets/public-key 404
[debug] [2026-06-21T22:45:01.532Z] <<< [apiv2][body] GET https://api.github.com/repos/repository/actions/secrets/public-key {"message":"Not Found","documentation_url":"https://docs.github.com/rest","status":"404"}
[info] 
[info] 
[error] !  The provided authorization cannot be used with this repository. If this repository is in an organization, did you remember to grant access? 
[info] 
[info] i  Action required: Visit this URL to ensure access has been granted to the appropriate organization(s) for the Firebase CLI GitHub OAuth App: 
[info] https://github.com/settings/connections/applications/89cf50f02ac6aaed3484
[info] 
[debug] [2026-06-21T22:45:56.891Z] >>> [apiv2][query] GET https://api.github.com/repos/no/actions/secrets/public-key type=owner
[debug] [2026-06-21T22:45:57.383Z] <<< [apiv2][status] GET https://api.github.com/repos/no/actions/secrets/public-key 404
[debug] [2026-06-21T22:45:57.383Z] <<< [apiv2][body] GET https://api.github.com/repos/no/actions/secrets/public-key {"message":"Not Found","documentation_url":"https://docs.github.com/rest","status":"404"}
[info] 
[info] 
[error] !  The provided authorization cannot be used with this repository. If this repository is in an organization, did you remember to grant access? 
[info] 
[info] i  Action required: Visit this URL to ensure access has been granted to the appropriate organization(s) for the Firebase CLI GitHub OAuth App: 
[info] https://github.com/settings/connections/applications/89cf50f02ac6aaed3484
[info] 
